<?xml version="1.0" encoding="UTF-8"?>
<!-- Generated by org.testng.reporters.JUnitReportReporter -->
<testsuite hostname="DESKTOP-CALVDQI" failures="0" tests="2" name="day23nov23DataProvider.Shipping" time="0.006" errors="0" timestamp="2023-11-23T19:23:02 IST" skipped="0">
  <testcase classname="day23nov23DataProvider.Shipping" name="Test3" time="0.002"/>
  <testcase classname="day23nov23DataProvider.Shipping" name="Test4" time="0.004"/>
</testsuite> <!-- day23nov23DataProvider.Shipping -->
