<?xml version="1.0" encoding="UTF-8"?>
<!-- Generated by org.testng.reporters.JUnitReportReporter -->
<testsuite hostname="DESKTOP-CALVDQI" failures="0" tests="2" name="day27nov23ParamaterAssertation.IgnoreAnnonotation" time="0.016" errors="0" timestamp="2023-11-27T18:14:53 IST" skipped="1">
  <testcase classname="day27nov23ParamaterAssertation.IgnoreAnnonotation" name="Test1" time="0.016"/>
  <testcase classname="day27nov23ParamaterAssertation.IgnoreAnnonotation" name="Test2">
    <skipped/>
  </testcase> <!-- Test2 -->
</testsuite> <!-- day27nov23ParamaterAssertation.IgnoreAnnonotation -->
