<?xml version="1.0" encoding="UTF-8"?>
<!-- Generated by org.testng.reporters.JUnitReportReporter -->
<testsuite hostname="DESKTOP-CALVDQI" failures="0" tests="3" name="day21nov23AutiITTestNG.TestNGFirestDemo" time="0.018" errors="0" timestamp="2023-11-21T14:22:40 IST" skipped="0">
  <testcase classname="day21nov23AutiITTestNG.TestNGFirestDemo" name="login" time="0.014"/>
  <testcase classname="day21nov23AutiITTestNG.TestNGFirestDemo" name="reg" time="0.003"/>
  <testcase classname="day21nov23AutiITTestNG.TestNGFirestDemo" name="logout" time="0.001"/>
</testsuite> <!-- day21nov23AutiITTestNG.TestNGFirestDemo -->
