<?xml version="1.0" encoding="UTF-8"?>
<!-- Generated by org.testng.reporters.JUnitReportReporter -->
<testsuite hostname="DESKTOP-CALVDQI" failures="0" tests="3" name="day22nov23Annotations.AnnotationDemo1" time="0.034" errors="0" timestamp="2023-11-24T22:14:01 IST" skipped="0">
  <testcase classname="day22nov23Annotations.AnnotationDemo1" name="reg" time="0.010"/>
  <testcase classname="day22nov23Annotations.AnnotationDemo1" name="Login" time="0.010"/>
  <testcase classname="day22nov23Annotations.AnnotationDemo1" name="Logout" time="0.014"/>
</testsuite> <!-- day22nov23Annotations.AnnotationDemo1 -->
