<?xml version="1.0" encoding="UTF-8"?>
<!-- Generated by org.testng.reporters.JUnitReportReporter -->
<testsuite hostname="DESKTOP-CALVDQI" failures="0" tests="2" name="day22nov23.AnnotationDemo7" time="0.020" errors="0" timestamp="2023-11-22T16:16:31 IST" skipped="0">
  <testcase classname="day22nov23.AnnotationDemo7" name="AA" time="0.013"/>
  <testcase classname="day22nov23.AnnotationDemo7" name="reg" time="0.007"/>
</testsuite> <!-- day22nov23.AnnotationDemo7 -->
