<?xml version="1.0" encoding="UTF-8"?>
<!-- Generated by org.testng.reporters.JUnitReportReporter -->
<testsuite hostname="DESKTOP-CALVDQI" failures="0" tests="4" name="day23nov23DataProvider.DataDrivenTestDemo3" time="0.015" errors="0" timestamp="2023-11-23T20:09:10 IST" skipped="0">
  <testcase classname="day23nov23DataProvider.DataDrivenTestDemo3" name="Login" time="0.003"/>
  <testcase classname="day23nov23DataProvider.DataDrivenTestDemo3" name="Login" time="0.004"/>
  <testcase classname="day23nov23DataProvider.DataDrivenTestDemo3" name="Login" time="0.005"/>
  <testcase classname="day23nov23DataProvider.DataDrivenTestDemo3" name="Login" time="0.003"/>
</testsuite> <!-- day23nov23DataProvider.DataDrivenTestDemo3 -->
