<?xml version="1.0" encoding="UTF-8"?>
<!-- Generated by org.testng.reporters.JUnitReportReporter -->
<testsuite hostname="DESKTOP-CALVDQI" failures="0" tests="2" name="day22nov23Annotations.AnnotationDemo5NOTWORKING" time="2.028" errors="0" timestamp="2023-11-23T14:23:01 IST" skipped="0">
  <testcase classname="day22nov23Annotations.AnnotationDemo5NOTWORKING" name="reg" time="2.007"/>
  <testcase classname="day22nov23Annotations.AnnotationDemo5NOTWORKING" name="Login" time="0.021"/>
</testsuite> <!-- day22nov23Annotations.AnnotationDemo5NOTWORKING -->
