<?xml version="1.0" encoding="UTF-8"?>
<!-- Generated by org.testng.reporters.JUnitReportReporter -->
<testsuite hostname="DESKTOP-CALVDQI" failures="0" tests="1" name="day22nov23Annotations.GHJG" time="0.018" errors="0" timestamp="2023-11-22T18:38:34 IST" skipped="0">
  <testcase classname="day22nov23Annotations.GHJG" name="reg" time="0.018"/>
</testsuite> <!-- day22nov23Annotations.GHJG -->
