<?xml version="1.0" encoding="UTF-8"?>
<!-- Generated by org.testng.reporters.JUnitReportReporter -->
<testsuite hostname="DESKTOP-CALVDQI" failures="0" tests="1" name="day25nov23_Practise.Substract" time="0.005" errors="0" timestamp="2023-11-24T20:53:27 IST" skipped="0">
  <testcase classname="day25nov23_Practise.Substract" name="Sub" time="0.005"/>
</testsuite> <!-- day25nov23_Practise.Substract -->
