<?xml version="1.0" encoding="UTF-8"?>
<!-- Generated by org.testng.reporters.JUnitReportReporter -->
<testsuite hostname="DESKTOP-CALVDQI" failures="0" tests="3" name="day22nov23Annotations.AnnotationDemo" time="0.031" errors="0" timestamp="2023-11-24T22:14:01 IST" skipped="0">
  <testcase classname="day22nov23Annotations.AnnotationDemo" name="Logout" time="0.006"/>
  <testcase classname="day22nov23Annotations.AnnotationDemo" name="Login" time="0.017"/>
  <testcase classname="day22nov23Annotations.AnnotationDemo" name="reg" time="0.008"/>
</testsuite> <!-- day22nov23Annotations.AnnotationDemo -->
