<?xml version="1.0" encoding="UTF-8"?>
<!-- Generated by org.testng.reporters.JUnitReportReporter -->
<testsuite hostname="DESKTOP-CALVDQI" failures="0" tests="1" name="day25nov23_Practise.StringParameter1" time="0.003" errors="0" timestamp="2023-11-25T17:22:48 IST" skipped="0">
  <testcase classname="day25nov23_Practise.StringParameter1" name="NameB" time="0.003"/>
</testsuite> <!-- day25nov23_Practise.StringParameter1 -->
