<?xml version="1.0" encoding="UTF-8"?>
<!-- Generated by org.testng.reporters.JUnitReportReporter -->
<testsuite hostname="DESKTOP-CALVDQI" failures="0" tests="4" name="day22nov23.AnnotationDemo4" time="0.021" errors="0" timestamp="2023-11-22T13:56:10 IST" skipped="0">
  <testcase classname="day22nov23.AnnotationDemo4" name="reg" time="0.002"/>
  <testcase classname="day22nov23.AnnotationDemo4" name="Login" time="0.013"/>
  <testcase classname="day22nov23.AnnotationDemo4" name="reg" time="0.002"/>
  <testcase classname="day22nov23.AnnotationDemo4" name="reg" time="0.004"/>
</testsuite> <!-- day22nov23.AnnotationDemo4 -->
