<?xml version="1.0" encoding="UTF-8"?>
<!-- Generated by org.testng.reporters.JUnitReportReporter -->
<testsuite hostname="DESKTOP-CALVDQI" failures="0" tests="4" name="day28nov23GropusListeners.GroupTestCase1" time="0.021" errors="0" timestamp="2023-11-28T17:31:14 IST" skipped="0">
  <testcase classname="day28nov23GropusListeners.GroupTestCase1" name="paymentTC1" time="0.002"/>
  <testcase classname="day28nov23GropusListeners.GroupTestCase1" name="paymentTC2" time="0.002"/>
  <testcase classname="day28nov23GropusListeners.GroupTestCase1" name="ShippingTC4" time="0.003"/>
  <testcase classname="day28nov23GropusListeners.GroupTestCase1" name="ShippingTC3" time="0.014"/>
</testsuite> <!-- day28nov23GropusListeners.GroupTestCase1 -->
