<?xml version="1.0" encoding="UTF-8"?>
<!-- Generated by org.testng.reporters.JUnitReportReporter -->
<testsuite hostname="DESKTOP-CALVDQI" failures="0" tests="3" name="day22nov23Annotations.AnnotationDemo3" time="0.018" errors="0" timestamp="2023-11-24T22:14:01 IST" skipped="0">
  <testcase classname="day22nov23Annotations.AnnotationDemo3" name="reg" time="0.009"/>
  <testcase classname="day22nov23Annotations.AnnotationDemo3" name="Logout" time="0.005"/>
  <testcase classname="day22nov23Annotations.AnnotationDemo3" name="Login" time="0.004"/>
</testsuite> <!-- day22nov23Annotations.AnnotationDemo3 -->
