<?xml version="1.0" encoding="UTF-8"?>
<!-- Generated by org.testng.reporters.JUnitReportReporter -->
<testsuite hostname="DESKTOP-CALVDQI" failures="0" tests="2" name="day27nov23ParamaterAssertation.OrangeHRMSOptimizesd" time="56.361" errors="0" timestamp="2023-11-27T19:05:56 IST" skipped="0">
  <testcase classname="day27nov23ParamaterAssertation.OrangeHRMSOptimizesd" name="LooggedOut" time="28.075"/>
  <testcase classname="day27nov23ParamaterAssertation.OrangeHRMSOptimizesd" name="Login" time="28.286"/>
</testsuite> <!-- day27nov23ParamaterAssertation.OrangeHRMSOptimizesd -->
