<?xml version="1.0" encoding="UTF-8"?>
<!-- Generated by org.testng.reporters.JUnitReportReporter -->
<testsuite hostname="DESKTOP-CALVDQI" failures="0" tests="3" name="day22nov23.AnnotationDemo1" time="0.052" errors="0" timestamp="2023-11-22T13:31:32 IST" skipped="0">
  <testcase classname="day22nov23.AnnotationDemo1" name="reg" time="0.014"/>
  <testcase classname="day22nov23.AnnotationDemo1" name="Login" time="0.016"/>
  <testcase classname="day22nov23.AnnotationDemo1" name="Logout" time="0.022"/>
</testsuite> <!-- day22nov23.AnnotationDemo1 -->
