<?xml version="1.0" encoding="UTF-8"?>
<!-- Generated by org.testng.reporters.JUnitReportReporter -->
<testsuite hostname="DESKTOP-CALVDQI" failures="0" tests="3" name="day22nov23.AnnotationDemo3" time="0.040" errors="0" timestamp="2023-11-22T16:14:41 IST" skipped="0">
  <testcase classname="day22nov23.AnnotationDemo3" name="Login" time="0.026"/>
  <testcase classname="day22nov23.AnnotationDemo3" name="reg" time="0.008"/>
  <testcase classname="day22nov23.AnnotationDemo3" name="Logout" time="0.006"/>
</testsuite> <!-- day22nov23.AnnotationDemo3 -->
