<?xml version="1.0" encoding="UTF-8"?>
<!-- Generated by org.testng.reporters.JUnitReportReporter -->
<testsuite hostname="DESKTOP-CALVDQI" failures="0" tests="2" name="day29nov23POMFile.Runner" time="57.798" errors="0" timestamp="2023-12-13T12:24:33 IST" skipped="0">
  <testcase classname="day29nov23POMFile.Runner" name="addCustomer" time="38.255"/>
  <testcase classname="day29nov23POMFile.Runner" name="loginPage" time="19.543"/>
</testsuite> <!-- day29nov23POMFile.Runner -->
