<?xml version="1.0" encoding="UTF-8"?>
<!-- Generated by org.testng.reporters.JUnitReportReporter -->
<testsuite hostname="DESKTOP-CALVDQI" failures="0" tests="4" name="day23nov23DataProvider.ExcelReading" time="0.022" errors="0" timestamp="2023-11-24T11:22:02 IST" skipped="0">
  <testcase classname="day23nov23DataProvider.ExcelReading" name="Login" time="0.002"/>
  <testcase classname="day23nov23DataProvider.ExcelReading" name="Login" time="0.005"/>
  <testcase classname="day23nov23DataProvider.ExcelReading" name="Login" time="0.010"/>
  <testcase classname="day23nov23DataProvider.ExcelReading" name="Login" time="0.005"/>
</testsuite> <!-- day23nov23DataProvider.ExcelReading -->
