<?xml version="1.0" encoding="UTF-8"?>
<!-- Generated by org.testng.reporters.JUnitReportReporter -->
<testsuite hostname="DESKTOP-CALVDQI" failures="0" tests="4" name="day22nov23Annotations.AnnotationDemo4" time="0.013" errors="0" timestamp="2023-11-24T22:14:01 IST" skipped="0">
  <testcase classname="day22nov23Annotations.AnnotationDemo4" name="reg" time="0.004"/>
  <testcase classname="day22nov23Annotations.AnnotationDemo4" name="reg" time="0.001"/>
  <testcase classname="day22nov23Annotations.AnnotationDemo4" name="Login" time="0.003"/>
  <testcase classname="day22nov23Annotations.AnnotationDemo4" name="reg" time="0.005"/>
</testsuite> <!-- day22nov23Annotations.AnnotationDemo4 -->
