<?xml version="1.0" encoding="UTF-8"?>
<!-- Generated by org.testng.reporters.JUnitReportReporter -->
<testsuite hostname="DESKTOP-CALVDQI" failures="0" tests="2" name="day23nov23DataProvider.Payment" time="0.013" errors="0" timestamp="2023-11-23T19:23:02 IST" skipped="0">
  <testcase classname="day23nov23DataProvider.Payment" name="Test1" time="0.009"/>
  <testcase classname="day23nov23DataProvider.Payment" name="Test2" time="0.004"/>
</testsuite> <!-- day23nov23DataProvider.Payment -->
