<?xml version="1.0" encoding="UTF-8"?>
<!-- Generated by org.testng.reporters.JUnitReportReporter -->
<testsuite hostname="DESKTOP-CALVDQI" failures="0" tests="1" name="day11dec23GRID.AmazonTest" time="15.452" errors="0" timestamp="2023-12-11T23:55:33 IST" skipped="0">
  <testcase classname="day11dec23GRID.AmazonTest" name="AMTest" time="15.452"/>
</testsuite> <!-- day11dec23GRID.AmazonTest -->
