<?xml version="1.0" encoding="UTF-8"?>
<!-- Generated by org.testng.reporters.JUnitReportReporter -->
<testsuite hostname="DESKTOP-CALVDQI" failures="0" tests="2" name="day22nov23Annotations.AnnotationDemo7" time="0.012" errors="0" timestamp="2023-11-24T22:14:01 IST" skipped="0">
  <testcase classname="day22nov23Annotations.AnnotationDemo7" name="reg" time="0.006"/>
  <testcase classname="day22nov23Annotations.AnnotationDemo7" name="AA" time="0.006"/>
</testsuite> <!-- day22nov23Annotations.AnnotationDemo7 -->
