<?xml version="1.0" encoding="UTF-8"?>
<!-- Generated by org.testng.reporters.JUnitReportReporter -->
<testsuite hostname="DESKTOP-CALVDQI" failures="0" tests="2" name="day22nov23Annotations.AnnotationDemo5" time="2.024" errors="0" timestamp="2023-11-24T22:14:01 IST" skipped="0">
  <testcase classname="day22nov23Annotations.AnnotationDemo5" name="Login" time="0.012"/>
  <testcase classname="day22nov23Annotations.AnnotationDemo5" name="reg" time="2.012"/>
</testsuite> <!-- day22nov23Annotations.AnnotationDemo5 -->
