<?xml version="1.0" encoding="UTF-8"?>
<!-- Generated by org.testng.reporters.JUnitReportReporter -->
<testsuite hostname="DESKTOP-CALVDQI" failures="0" tests="2" name="day27nov23ParamaterAssertation.ParameterPassing" time="0.017" errors="0" timestamp="2023-11-27T18:10:47 IST" skipped="0">
  <testcase classname="day27nov23ParamaterAssertation.ParameterPassing" name="Google" time="0.004"/>
  <testcase classname="day27nov23ParamaterAssertation.ParameterPassing" name="Amazon" time="0.013"/>
</testsuite> <!-- day27nov23ParamaterAssertation.ParameterPassing -->
