<?xml version="1.0" encoding="UTF-8"?>
<!-- Generated by org.testng.reporters.JUnitReportReporter -->
<testsuite hostname="DESKTOP-CALVDQI" failures="0" tests="3" name="day22nov23.AnnotationDemo" time="0.036" errors="0" timestamp="2023-11-22T16:13:44 IST" skipped="0">
  <testcase classname="day22nov23.AnnotationDemo" name="Logout" time="0.004"/>
  <testcase classname="day22nov23.AnnotationDemo" name="Login" time="0.014"/>
  <testcase classname="day22nov23.AnnotationDemo" name="reg" time="0.018"/>
</testsuite> <!-- day22nov23.AnnotationDemo -->
