<?xml version="1.0" encoding="UTF-8"?>
<!-- Generated by org.testng.reporters.JUnitReportReporter -->
<testsuite hostname="DESKTOP-CALVDQI" failures="0" tests="1" name="com.cs.tests.AddCusomerTests" time="13.740" errors="0" timestamp="2023-12-27T19:13:40 IST" skipped="0">
  <testcase classname="com.cs.tests.AddCusomerTests" name="AddCustomerTest" time="13.740"/>
</testsuite> <!-- com.cs.tests.AddCusomerTests -->
