<?xml version="1.0" encoding="UTF-8"?>
<!-- Generated by org.testng.reporters.JUnitReportReporter -->
<testsuite hostname="DESKTOP-CALVDQI" failures="0" tests="2" name="com.cs.tests.LoginTests" time="14.353" errors="0" timestamp="2023-12-16T19:40:25 IST" skipped="0">
  <testcase classname="com.cs.tests.LoginTests" name="Test1" time="7.200"/>
  <testcase classname="com.cs.tests.LoginTests" name="Test2" time="7.153"/>
</testsuite> <!-- com.cs.tests.LoginTests -->
