<?xml version="1.0" encoding="UTF-8"?>
<!-- Generated by org.testng.reporters.JUnitReportReporter -->
<testsuite hostname="DESKTOP-CALVDQI" failures="0" tests="1" name="com.cs.tests.HomeTests" time="4.978" errors="0" timestamp="2023-12-16T19:40:25 IST" skipped="0">
  <testcase classname="com.cs.tests.HomeTests" name="test3" time="4.978"/>
</testsuite> <!-- com.cs.tests.HomeTests -->
