<?xml version="1.0" encoding="UTF-8"?>
<!-- Generated by org.testng.reporters.JUnitReportReporter -->
<testsuite hostname="DESKTOP-CALVDQI" failures="0" tests="1" name="com.cs.tests.AddCustomerTests" time="64.799" errors="0" timestamp="2023-12-27T19:48:17 IST" skipped="0">
  <testcase classname="com.cs.tests.AddCustomerTests" name="AddCustomerTest" time="64.799"/>
</testsuite> <!-- com.cs.tests.AddCustomerTests -->
